The system is: Windows - 10.0.19043 - AMD64
Compiling the C compiler identification source file "CMakeCCompilerId.c" succeeded.
Compiler: C:/MinGW/bin/gcc.exe 
Build flags: 
Id flags:  

The output was:
0


Compilation of the C compiler identification source "CMakeCCompilerId.c" produced "a.exe"

The C compiler identification is GNU, found in "C:/Users/Moshoeshoe/Documents/GitHub/RobocupPy/build/CMakeFiles/3.19.20122902-MSVC_2/CompilerIdC/a.exe"

Compiling the CXX compiler identification source file "CMakeCXXCompilerId.cpp" succeeded.
Compiler: C:/MinGW/bin/g++.exe 
Build flags: 
Id flags:  

The output was:
0


Compilation of the CXX compiler identification source "CMakeCXXCompilerId.cpp" produced "a.exe"

The CXX compiler identification is GNU, found in "C:/Users/Moshoeshoe/Documents/GitHub/RobocupPy/build/CMakeFiles/3.19.20122902-MSVC_2/CompilerIdCXX/a.exe"

Determining if the C compiler works passed with the following output:
Change Dir: C:/Users/Moshoeshoe/Documents/GitHub/RobocupPy/build/CMakeFiles/CMakeTmp

Run Build Command(s):D:/KGOTSO/SCHOOL/III/SD/MinGW/bin/gmake.exe cmTC_c49a6/fast && D:/KGOTSO/SCHOOL/III/SD/MinGW/bin/gmake.exe  -f CMakeFiles/cmTC_c49a6.dir/build.make CMakeFiles/cmTC_c49a6.dir/build
gmake.exe[1]: Entering directory 'C:/Users/Moshoeshoe/Documents/GitHub/RobocupPy/build/CMakeFiles/CMakeTmp'
      4 [main] sh 10276 tty_list::allocate_tty: No tty allocated
Building C object CMakeFiles/cmTC_c49a6.dir/testCCompiler.c.obj
C:/MinGW/bin/gcc.exe    -o CMakeFiles/cmTC_c49a6.dir/testCCompiler.c.obj -c C:/Users/Moshoeshoe/Documents/GitHub/RobocupPy/build/CMakeFiles/CMakeTmp/testCCompiler.c
      2 [main] sh 23332 tty_list::allocate_tty: No tty allocated
Linking C executable cmTC_c49a6.exe
"D:/KGOTSO/SCHOOL/Information Systems I/2021/Common7/IDE/CommonExtensions/Microsoft/CMake/CMake/bin/cmake.exe" -E rm -f CMakeFiles/cmTC_c49a6.dir/objects.a
      2 [main] sh 18712 tty_list::allocate_tty: No tty allocated
C:/MinGW/bin/ar.exe cr CMakeFiles/cmTC_c49a6.dir/objects.a @CMakeFiles/cmTC_c49a6.dir/objects1.rsp
C:/MinGW/bin/gcc.exe -Wl,--whole-archive CMakeFiles/cmTC_c49a6.dir/objects.a -Wl,--no-whole-archive -o cmTC_c49a6.exe -Wl,--out-implib,libcmTC_c49a6.dll.a -Wl,--major-image-version,0,--minor-image-version,0 @CMakeFiles/cmTC_c49a6.dir/linklibs.rsp
gmake.exe[1]: Leaving directory 'C:/Users/Moshoeshoe/Documents/GitHub/RobocupPy/build/CMakeFiles/CMakeTmp'



Determining if the CXX compiler works passed with the following output:
Change Dir: C:/Users/Moshoeshoe/Documents/GitHub/RobocupPy/build/CMakeFiles/CMakeTmp

Run Build Command(s):D:/KGOTSO/SCHOOL/III/SD/MinGW/bin/gmake.exe cmTC_5a65c/fast && D:/KGOTSO/SCHOOL/III/SD/MinGW/bin/gmake.exe  -f CMakeFiles/cmTC_5a65c.dir/build.make CMakeFiles/cmTC_5a65c.dir/build
gmake.exe[1]: Entering directory 'C:/Users/Moshoeshoe/Documents/GitHub/RobocupPy/build/CMakeFiles/CMakeTmp'
      4 [main] sh 23176 tty_list::allocate_tty: No tty allocated
Building CXX object CMakeFiles/cmTC_5a65c.dir/testCXXCompiler.cxx.obj
C:/MinGW/bin/g++.exe    -o CMakeFiles/cmTC_5a65c.dir/testCXXCompiler.cxx.obj -c C:/Users/Moshoeshoe/Documents/GitHub/RobocupPy/build/CMakeFiles/CMakeTmp/testCXXCompiler.cxx
      3 [main] sh 22244 tty_list::allocate_tty: No tty allocated
Linking CXX executable cmTC_5a65c.exe
"D:/KGOTSO/SCHOOL/Information Systems I/2021/Common7/IDE/CommonExtensions/Microsoft/CMake/CMake/bin/cmake.exe" -E rm -f CMakeFiles/cmTC_5a65c.dir/objects.a
      3 [main] sh 22940 tty_list::allocate_tty: No tty allocated
C:/MinGW/bin/ar.exe cr CMakeFiles/cmTC_5a65c.dir/objects.a @CMakeFiles/cmTC_5a65c.dir/objects1.rsp
C:/MinGW/bin/g++.exe -Wl,--whole-archive CMakeFiles/cmTC_5a65c.dir/objects.a -Wl,--no-whole-archive -o cmTC_5a65c.exe -Wl,--out-implib,libcmTC_5a65c.dll.a -Wl,--major-image-version,0,--minor-image-version,0 @CMakeFiles/cmTC_5a65c.dir/linklibs.rsp
gmake.exe[1]: Leaving directory 'C:/Users/Moshoeshoe/Documents/GitHub/RobocupPy/build/CMakeFiles/CMakeTmp'



